2021-04-05 11:01:43,653:INFO:PyCaret Supervised Module
2021-04-05 11:01:43,653:INFO:ML Usecase: classification
2021-04-05 11:01:43,653:INFO:version 2.3.0
2021-04-05 11:01:43,653:INFO:Initializing setup()
2021-04-05 11:01:43,653:INFO:setup(target=Survived, ml_usecase=classification, available_plots={'parameter': 'Hyperparameters', 'auc': 'AUC', 'confusion_matrix': 'Confusion Matrix', 'threshold': 'Threshold', 'pr': 'Precision Recall', 'error': 'Prediction Error', 'class_report': 'Class Report', 'rfe': 'Feature Selection', 'learning': 'Learning Curve', 'manifold': 'Manifold Learning', 'calibration': 'Calibration Curve', 'vc': 'Validation Curve', 'dimension': 'Dimensions', 'feature': 'Feature Importance', 'feature_all': 'Feature Importance (All)', 'boundary': 'Decision Boundary', 'lift': 'Lift Chart', 'gain': 'Gain Chart', 'tree': 'Decision Tree'}, train_size=0.7, test_data=None, preprocess=True, imputation_type=simple, iterative_imputation_iters=5, categorical_features=None, categorical_imputation=constant, categorical_iterative_imputer=lightgbm, ordinal_features=None, high_cardinality_features=None, high_cardinality_method=frequency, numeric_features=None, numeric_imputation=mean, numeric_iterative_imputer=lightgbm, date_features=None, ignore_features=None, normalize=False, normalize_method=zscore, transformation=False, transformation_method=yeo-johnson, handle_unknown_categorical=True, unknown_categorical_method=least_frequent, pca=False, pca_method=linear, pca_components=None, ignore_low_variance=False, combine_rare_levels=False, rare_level_threshold=0.1, bin_numeric_features=None, remove_outliers=False, outliers_threshold=0.05, remove_multicollinearity=False, multicollinearity_threshold=0.9, remove_perfect_collinearity=True, create_clusters=False, cluster_iter=20, polynomial_features=False, polynomial_degree=2, trigonometry_features=False, polynomial_threshold=0.1, group_features=None, group_names=None, feature_selection=False, feature_selection_threshold=0.8, feature_selection_method=classic, feature_interaction=False, feature_ratio=False, interaction_threshold=0.01, fix_imbalance=False, fix_imbalance_method=None, transform_target=False, transform_target_method=box-cox, data_split_shuffle=True, data_split_stratify=False, fold_strategy=stratifiedkfold, fold=10, fold_shuffle=False, fold_groups=None, n_jobs=-1, use_gpu=False, custom_pipeline=None, html=True, session_id=123, log_experiment=True, experiment_name=survive1, log_plots=False, log_profile=False, log_data=False, silent=False, verbose=True, profile=False, profile_kwargs=None, display=None)
2021-04-05 11:01:43,653:INFO:Checking environment
2021-04-05 11:01:43,654:INFO:python_version: 3.7.3
2021-04-05 11:01:43,654:INFO:python_build: ('default', 'Dec 13 2019 19:58:14')
2021-04-05 11:01:43,654:INFO:machine: x86_64
2021-04-05 11:01:43,673:INFO:platform: Darwin-20.2.0-x86_64-i386-64bit
2021-04-05 11:01:43,674:WARNING:cannot find psutil installation. memory not traceable. Install psutil using pip to enable memory logging.
2021-04-05 11:01:43,674:INFO:Checking libraries
2021-04-05 11:01:43,674:INFO:pd==1.2.1
2021-04-05 11:01:43,675:INFO:numpy==1.19.5
2021-04-05 11:01:43,675:INFO:sklearn==0.23.2
2021-04-05 11:01:43,675:INFO:lightgbm==3.2.0
2021-04-05 11:01:43,675:WARNING:catboost not found
2021-04-05 11:01:43,675:WARNING:xgboost not found
2021-04-05 11:01:44,042:INFO:mlflow==1.15.0
2021-04-05 11:01:44,042:INFO:Checking Exceptions
2021-04-05 11:01:44,042:INFO:Declaring global variables
2021-04-05 11:01:44,042:INFO:USI: 5815
2021-04-05 11:01:44,042:INFO:pycaret_globals: {'y', 'seed', '_internal_pipeline', 'fix_imbalance_param', 'html_param', 'iterative_imputation_iters_param', 'target_param', 'pycaret_globals', 'fold_param', 'X', '_gpu_n_jobs_param', '_ml_usecase', 'create_model_container', 'display_container', 'experiment__', '_all_metrics', '_all_models', 'transform_target_method_param', 'log_plots_param', 'logging_param', 'imputation_regressor', 'X_train', 'prep_pipe', 'exp_name_log', 'stratify_param', 'master_model_container', 'data_before_preprocess', 'gpu_param', 'fold_generator', 'fix_imbalance_method_param', 'y_test', 'USI', '_all_models_internal', 'X_test', 'transform_target_param', 'fold_groups_param', 'fold_shuffle_param', '_available_plots', 'n_jobs_param', 'y_train', 'imputation_classifier'}
2021-04-05 11:01:44,042:INFO:Preparing display monitor
2021-04-05 11:01:44,042:INFO:Preparing display monitor
2021-04-05 11:01:44,060:INFO:Importing libraries
2021-04-05 11:01:44,060:INFO:Copying data for preprocessing
2021-04-05 11:01:44,070:INFO:Declaring preprocessing parameters
2021-04-05 11:01:44,072:INFO:Creating preprocessing pipeline
2021-04-05 11:01:44,087:INFO:Preprocessing pipeline created successfully
2021-04-05 11:01:44,087:ERROR:(Process Exit): setup has been interupted with user command 'quit'. setup must rerun.
2021-04-05 11:01:44,087:INFO:Creating global containers
2021-04-05 11:01:44,089:INFO:Internal pipeline: Pipeline(memory=None, steps=[('empty_step', 'passthrough')], verbose=False)
2021-04-05 11:01:53,198:WARNING:Couldn't import xgboost.XGBClassifier
2021-04-05 11:01:53,199:WARNING:Couldn't import catboost.CatBoostClassifier
2021-04-05 11:01:53,279:WARNING:Couldn't import xgboost.XGBClassifier
2021-04-05 11:01:53,279:WARNING:Couldn't import catboost.CatBoostClassifier
2021-04-05 11:01:53,280:INFO:Creating grid variables
2021-04-05 11:01:53,297:INFO:Logging experiment in MLFlow
2021-04-05 11:01:53,432:INFO:SubProcess save_model() called ==================================
2021-04-05 11:01:53,452:INFO:Initializing save_model()
2021-04-05 11:01:53,452:INFO:save_model(model=Pipeline(memory=None,
         steps=[('dtypes',
                 DataTypes_Auto_infer(categorical_features=[],
                                      display_types=True, features_todrop=[],
                                      id_columns=['PassengerId'],
                                      ml_usecase='classification',
                                      numerical_features=[], target='Survived',
                                      time_features=[])),
                ('imputer',
                 Simple_Imputer(categorical_strategy='not_available',
                                fill_value_categorical=None,
                                fill_value_numerical=Non...
                ('scaling', 'passthrough'), ('P_transform', 'passthrough'),
                ('binn', 'passthrough'), ('rem_outliers', 'passthrough'),
                ('cluster_all', 'passthrough'),
                ('dummy', Dummify(target='Survived')),
                ('fix_perfect', Remove_100(target='Survived')),
                ('clean_names', Clean_Colum_Names()),
                ('feature_select', 'passthrough'), ('fix_multi', 'passthrough'),
                ('dfs', 'passthrough'), ('pca', 'passthrough')],
         verbose=False), model_name=Transformation Pipeline, prep_pipe_=Pipeline(memory=None,
         steps=[('dtypes',
                 DataTypes_Auto_infer(categorical_features=[],
                                      display_types=True, features_todrop=[],
                                      id_columns=['PassengerId'],
                                      ml_usecase='classification',
                                      numerical_features=[], target='Survived',
                                      time_features=[])),
                ('imputer',
                 Simple_Imputer(categorical_strategy='not_available',
                                fill_value_categorical=None,
                                fill_value_numerical=Non...
                ('scaling', 'passthrough'), ('P_transform', 'passthrough'),
                ('binn', 'passthrough'), ('rem_outliers', 'passthrough'),
                ('cluster_all', 'passthrough'),
                ('dummy', Dummify(target='Survived')),
                ('fix_perfect', Remove_100(target='Survived')),
                ('clean_names', Clean_Colum_Names()),
                ('feature_select', 'passthrough'), ('fix_multi', 'passthrough'),
                ('dfs', 'passthrough'), ('pca', 'passthrough')],
         verbose=False), verbose=False)
2021-04-05 11:01:53,452:INFO:Adding model into prep_pipe
2021-04-05 11:01:53,458:WARNING:Only Model saved as it was a pipeline.
2021-04-05 11:01:53,476:INFO:Transformation Pipeline.pkl saved in current working directory
2021-04-05 11:01:53,484:INFO:Pipeline(memory=None,
         steps=[('dtypes',
                 DataTypes_Auto_infer(categorical_features=[],
                                      display_types=True, features_todrop=[],
                                      id_columns=['PassengerId'],
                                      ml_usecase='classification',
                                      numerical_features=[], target='Survived',
                                      time_features=[])),
                ('imputer',
                 Simple_Imputer(categorical_strategy='not_available',
                                fill_value_categorical=None,
                                fill_value_numerical=Non...
                ('scaling', 'passthrough'), ('P_transform', 'passthrough'),
                ('binn', 'passthrough'), ('rem_outliers', 'passthrough'),
                ('cluster_all', 'passthrough'),
                ('dummy', Dummify(target='Survived')),
                ('fix_perfect', Remove_100(target='Survived')),
                ('clean_names', Clean_Colum_Names()),
                ('feature_select', 'passthrough'), ('fix_multi', 'passthrough'),
                ('dfs', 'passthrough'), ('pca', 'passthrough')],
         verbose=False)
2021-04-05 11:01:53,484:INFO:save_model() succesfully completed......................................
2021-04-05 11:01:53,686:INFO:SubProcess save_model() end ==================================
2021-04-05 11:01:53,703:INFO:create_model_container: 0
2021-04-05 11:01:53,703:INFO:master_model_container: 0
2021-04-05 11:01:53,703:INFO:display_container: 1
2021-04-05 11:01:53,712:INFO:Pipeline(memory=None,
         steps=[('dtypes',
                 DataTypes_Auto_infer(categorical_features=[],
                                      display_types=True, features_todrop=[],
                                      id_columns=['PassengerId'],
                                      ml_usecase='classification',
                                      numerical_features=[], target='Survived',
                                      time_features=[])),
                ('imputer',
                 Simple_Imputer(categorical_strategy='not_available',
                                fill_value_categorical=None,
                                fill_value_numerical=Non...
                ('scaling', 'passthrough'), ('P_transform', 'passthrough'),
                ('binn', 'passthrough'), ('rem_outliers', 'passthrough'),
                ('cluster_all', 'passthrough'),
                ('dummy', Dummify(target='Survived')),
                ('fix_perfect', Remove_100(target='Survived')),
                ('clean_names', Clean_Colum_Names()),
                ('feature_select', 'passthrough'), ('fix_multi', 'passthrough'),
                ('dfs', 'passthrough'), ('pca', 'passthrough')],
         verbose=False)
2021-04-05 11:01:53,713:INFO:setup() succesfully completed......................................
2021-04-05 11:02:18,202:INFO:Initializing compare_models()
2021-04-05 11:02:18,202:INFO:compare_models(include=None, fold=None, round=4, cross_validation=True, sort=Accuracy, n_select=1, budget_time=None, turbo=True, errors=ignore, fit_kwargs=None, groups=None, verbose=True, display=None, exclude=None)
2021-04-05 11:02:18,202:INFO:Checking exceptions
2021-04-05 11:02:18,203:INFO:Preparing display monitor
2021-04-05 11:02:18,204:INFO:Preparing display monitor
2021-04-05 11:02:18,235:INFO:Initializing Logistic Regression
2021-04-05 11:02:18,236:INFO:Total runtime is 4.168351491292318e-06 minutes
2021-04-05 11:02:18,246:INFO:SubProcess create_model() called ==================================
2021-04-05 11:02:18,246:INFO:Initializing create_model()
2021-04-05 11:02:18,247:INFO:create_model(estimator=lr, fold=StratifiedKFold(n_splits=10, random_state=None, shuffle=False), round=4, cross_validation=True, predict=True, fit_kwargs={}, groups=None, refit=False, verbose=False, system=False, metrics=None, display=<pycaret.internal.Display.Display object at 0x15fde9208>, kwargs={})
2021-04-05 11:02:18,247:INFO:Checking exceptions
2021-04-05 11:02:18,247:INFO:Importing libraries
2021-04-05 11:02:18,247:INFO:Copying training dataset
2021-04-05 11:02:18,250:INFO:Defining folds
2021-04-05 11:02:18,250:INFO:Declaring metric variables
2021-04-05 11:02:18,259:INFO:Importing untrained model
2021-04-05 11:02:18,269:INFO:Logistic Regression Imported succesfully
2021-04-05 11:02:18,288:INFO:Starting cross validation
2021-04-05 11:02:18,288:INFO:Cross validating with StratifiedKFold(n_splits=10, random_state=None, shuffle=False), n_jobs=-1
2021-04-05 11:02:33,486:INFO:Calculating mean and std
2021-04-05 11:02:33,491:INFO:Creating metrics dataframe
2021-04-05 11:02:33,499:INFO:Uploading results into container
2021-04-05 11:02:33,500:INFO:Uploading model into container now
2021-04-05 11:02:33,500:INFO:create_model_container: 1
2021-04-05 11:02:33,500:INFO:master_model_container: 1
2021-04-05 11:02:33,500:INFO:display_container: 2
2021-04-05 11:02:33,502:INFO:LogisticRegression(C=1.0, class_weight=None, dual=False, fit_intercept=True,
                   intercept_scaling=1, l1_ratio=None, max_iter=1000,
                   multi_class='auto', n_jobs=None, penalty='l2',
                   random_state=123, solver='lbfgs', tol=0.0001, verbose=0,
                   warm_start=False)
2021-04-05 11:02:33,502:INFO:create_model() succesfully completed......................................
2021-04-05 11:02:33,626:INFO:SubProcess create_model() end ==================================
2021-04-05 11:02:33,626:INFO:Creating metrics dataframe
2021-04-05 11:02:33,648:INFO:Initializing K Neighbors Classifier
2021-04-05 11:02:33,648:INFO:Total runtime is 0.2568720181783041 minutes
2021-04-05 11:02:33,658:INFO:SubProcess create_model() called ==================================
2021-04-05 11:02:33,659:INFO:Initializing create_model()
2021-04-05 11:02:33,659:INFO:create_model(estimator=knn, fold=StratifiedKFold(n_splits=10, random_state=None, shuffle=False), round=4, cross_validation=True, predict=True, fit_kwargs={}, groups=None, refit=False, verbose=False, system=False, metrics=None, display=<pycaret.internal.Display.Display object at 0x15fde9208>, kwargs={})
2021-04-05 11:02:33,659:INFO:Checking exceptions
2021-04-05 11:02:33,659:INFO:Importing libraries
2021-04-05 11:02:33,660:INFO:Copying training dataset
2021-04-05 11:02:33,661:INFO:Defining folds
2021-04-05 11:02:33,661:INFO:Declaring metric variables
2021-04-05 11:02:33,671:INFO:Importing untrained model
2021-04-05 11:02:33,680:INFO:K Neighbors Classifier Imported succesfully
2021-04-05 11:02:33,701:INFO:Starting cross validation
2021-04-05 11:02:33,702:INFO:Cross validating with StratifiedKFold(n_splits=10, random_state=None, shuffle=False), n_jobs=-1
2021-04-05 11:02:35,880:INFO:Calculating mean and std
2021-04-05 11:02:35,881:INFO:Creating metrics dataframe
2021-04-05 11:02:35,887:INFO:Uploading results into container
2021-04-05 11:02:35,887:INFO:Uploading model into container now
2021-04-05 11:02:35,887:INFO:create_model_container: 2
2021-04-05 11:02:35,887:INFO:master_model_container: 2
2021-04-05 11:02:35,887:INFO:display_container: 2
2021-04-05 11:02:35,888:INFO:KNeighborsClassifier(algorithm='auto', leaf_size=30, metric='minkowski',
                     metric_params=None, n_jobs=-1, n_neighbors=5, p=2,
                     weights='uniform')
2021-04-05 11:02:35,888:INFO:create_model() succesfully completed......................................
2021-04-05 11:02:35,983:INFO:SubProcess create_model() end ==================================
2021-04-05 11:02:35,983:INFO:Creating metrics dataframe
2021-04-05 11:02:36,005:INFO:Initializing Naive Bayes
2021-04-05 11:02:36,005:INFO:Total runtime is 0.29616245031356814 minutes
2021-04-05 11:02:36,015:INFO:SubProcess create_model() called ==================================
2021-04-05 11:02:36,016:INFO:Initializing create_model()
2021-04-05 11:02:36,016:INFO:create_model(estimator=nb, fold=StratifiedKFold(n_splits=10, random_state=None, shuffle=False), round=4, cross_validation=True, predict=True, fit_kwargs={}, groups=None, refit=False, verbose=False, system=False, metrics=None, display=<pycaret.internal.Display.Display object at 0x15fde9208>, kwargs={})
2021-04-05 11:02:36,016:INFO:Checking exceptions
2021-04-05 11:02:36,016:INFO:Importing libraries
2021-04-05 11:02:36,017:INFO:Copying training dataset
2021-04-05 11:02:36,018:INFO:Defining folds
2021-04-05 11:02:36,018:INFO:Declaring metric variables
2021-04-05 11:02:36,028:INFO:Importing untrained model
2021-04-05 11:02:36,038:INFO:Naive Bayes Imported succesfully
2021-04-05 11:02:36,064:INFO:Starting cross validation
2021-04-05 11:02:36,065:INFO:Cross validating with StratifiedKFold(n_splits=10, random_state=None, shuffle=False), n_jobs=-1
2021-04-05 11:02:36,397:INFO:Calculating mean and std
2021-04-05 11:02:36,401:INFO:Creating metrics dataframe
2021-04-05 11:02:36,410:INFO:Uploading results into container
2021-04-05 11:02:36,410:INFO:Uploading model into container now
2021-04-05 11:02:36,410:INFO:create_model_container: 3
2021-04-05 11:02:36,410:INFO:master_model_container: 3
2021-04-05 11:02:36,410:INFO:display_container: 2
2021-04-05 11:02:36,410:INFO:GaussianNB(priors=None, var_smoothing=1e-09)
2021-04-05 11:02:36,410:INFO:create_model() succesfully completed......................................
2021-04-05 11:02:36,517:INFO:SubProcess create_model() end ==================================
2021-04-05 11:02:36,517:INFO:Creating metrics dataframe
2021-04-05 11:02:36,543:INFO:Initializing Decision Tree Classifier
2021-04-05 11:02:36,543:INFO:Total runtime is 0.3051265676816305 minutes
2021-04-05 11:02:36,554:INFO:SubProcess create_model() called ==================================
2021-04-05 11:02:36,554:INFO:Initializing create_model()
2021-04-05 11:02:36,555:INFO:create_model(estimator=dt, fold=StratifiedKFold(n_splits=10, random_state=None, shuffle=False), round=4, cross_validation=True, predict=True, fit_kwargs={}, groups=None, refit=False, verbose=False, system=False, metrics=None, display=<pycaret.internal.Display.Display object at 0x15fde9208>, kwargs={})
2021-04-05 11:02:36,555:INFO:Checking exceptions
2021-04-05 11:02:36,555:INFO:Importing libraries
2021-04-05 11:02:36,555:INFO:Copying training dataset
2021-04-05 11:02:36,557:INFO:Defining folds
2021-04-05 11:02:36,557:INFO:Declaring metric variables
2021-04-05 11:02:36,566:INFO:Importing untrained model
2021-04-05 11:02:36,575:INFO:Decision Tree Classifier Imported succesfully
2021-04-05 11:02:36,594:INFO:Starting cross validation
2021-04-05 11:02:36,595:INFO:Cross validating with StratifiedKFold(n_splits=10, random_state=None, shuffle=False), n_jobs=-1
2021-04-05 11:02:36,766:INFO:Calculating mean and std
2021-04-05 11:02:36,768:INFO:Creating metrics dataframe
2021-04-05 11:02:36,775:INFO:Uploading results into container
2021-04-05 11:02:36,775:INFO:Uploading model into container now
2021-04-05 11:02:36,776:INFO:create_model_container: 4
2021-04-05 11:02:36,776:INFO:master_model_container: 4
2021-04-05 11:02:36,776:INFO:display_container: 2
2021-04-05 11:02:36,776:INFO:DecisionTreeClassifier(ccp_alpha=0.0, class_weight=None, criterion='gini',
                       max_depth=None, max_features=None, max_leaf_nodes=None,
                       min_impurity_decrease=0.0, min_impurity_split=None,
                       min_samples_leaf=1, min_samples_split=2,
                       min_weight_fraction_leaf=0.0, presort='deprecated',
                       random_state=123, splitter='best')
2021-04-05 11:02:36,777:INFO:create_model() succesfully completed......................................
2021-04-05 11:02:36,896:INFO:SubProcess create_model() end ==================================
2021-04-05 11:02:36,896:INFO:Creating metrics dataframe
2021-04-05 11:02:36,920:INFO:Initializing SVM - Linear Kernel
2021-04-05 11:02:36,920:INFO:Total runtime is 0.3114105343818665 minutes
2021-04-05 11:02:36,932:INFO:SubProcess create_model() called ==================================
2021-04-05 11:02:36,932:INFO:Initializing create_model()
2021-04-05 11:02:36,932:INFO:create_model(estimator=svm, fold=StratifiedKFold(n_splits=10, random_state=None, shuffle=False), round=4, cross_validation=True, predict=True, fit_kwargs={}, groups=None, refit=False, verbose=False, system=False, metrics=None, display=<pycaret.internal.Display.Display object at 0x15fde9208>, kwargs={})
2021-04-05 11:02:36,932:INFO:Checking exceptions
2021-04-05 11:02:36,932:INFO:Importing libraries
2021-04-05 11:02:36,932:INFO:Copying training dataset
2021-04-05 11:02:36,934:INFO:Defining folds
2021-04-05 11:02:36,934:INFO:Declaring metric variables
2021-04-05 11:02:36,954:INFO:Importing untrained model
2021-04-05 11:02:36,965:INFO:SVM - Linear Kernel Imported succesfully
2021-04-05 11:02:36,988:INFO:Starting cross validation
2021-04-05 11:02:36,989:INFO:Cross validating with StratifiedKFold(n_splits=10, random_state=None, shuffle=False), n_jobs=-1
2021-04-05 11:02:37,297:INFO:Calculating mean and std
2021-04-05 11:02:37,298:INFO:Creating metrics dataframe
2021-04-05 11:02:37,305:INFO:Uploading results into container
2021-04-05 11:02:37,305:INFO:Uploading model into container now
2021-04-05 11:02:37,305:INFO:create_model_container: 5
2021-04-05 11:02:37,306:INFO:master_model_container: 5
2021-04-05 11:02:37,306:INFO:display_container: 2
2021-04-05 11:02:37,306:INFO:SGDClassifier(alpha=0.0001, average=False, class_weight=None,
              early_stopping=False, epsilon=0.1, eta0=0.001, fit_intercept=True,
              l1_ratio=0.15, learning_rate='optimal', loss='hinge',
              max_iter=1000, n_iter_no_change=5, n_jobs=-1, penalty='l2',
              power_t=0.5, random_state=123, shuffle=True, tol=0.001,
              validation_fraction=0.1, verbose=0, warm_start=False)
2021-04-05 11:02:37,306:INFO:create_model() succesfully completed......................................
2021-04-05 11:02:37,419:INFO:SubProcess create_model() end ==================================
2021-04-05 11:02:37,419:INFO:Creating metrics dataframe
2021-04-05 11:02:37,445:INFO:Initializing Ridge Classifier
2021-04-05 11:02:37,445:INFO:Total runtime is 0.3201549649238587 minutes
2021-04-05 11:02:37,455:INFO:SubProcess create_model() called ==================================
2021-04-05 11:02:37,455:INFO:Initializing create_model()
2021-04-05 11:02:37,456:INFO:create_model(estimator=ridge, fold=StratifiedKFold(n_splits=10, random_state=None, shuffle=False), round=4, cross_validation=True, predict=True, fit_kwargs={}, groups=None, refit=False, verbose=False, system=False, metrics=None, display=<pycaret.internal.Display.Display object at 0x15fde9208>, kwargs={})
2021-04-05 11:02:37,456:INFO:Checking exceptions
2021-04-05 11:02:37,456:INFO:Importing libraries
2021-04-05 11:02:37,456:INFO:Copying training dataset
2021-04-05 11:02:37,457:INFO:Defining folds
2021-04-05 11:02:37,457:INFO:Declaring metric variables
2021-04-05 11:02:37,466:INFO:Importing untrained model
2021-04-05 11:02:37,475:INFO:Ridge Classifier Imported succesfully
2021-04-05 11:02:37,495:INFO:Starting cross validation
2021-04-05 11:02:37,496:INFO:Cross validating with StratifiedKFold(n_splits=10, random_state=None, shuffle=False), n_jobs=-1
2021-04-05 11:02:37,792:INFO:Calculating mean and std
2021-04-05 11:02:37,794:INFO:Creating metrics dataframe
2021-04-05 11:02:37,800:INFO:Uploading results into container
2021-04-05 11:02:37,801:INFO:Uploading model into container now
2021-04-05 11:02:37,801:INFO:create_model_container: 6
2021-04-05 11:02:37,801:INFO:master_model_container: 6
2021-04-05 11:02:37,801:INFO:display_container: 2
2021-04-05 11:02:37,802:INFO:RidgeClassifier(alpha=1.0, class_weight=None, copy_X=True, fit_intercept=True,
                max_iter=None, normalize=False, random_state=123, solver='auto',
                tol=0.001)
2021-04-05 11:02:37,802:INFO:create_model() succesfully completed......................................
2021-04-05 11:02:37,928:INFO:SubProcess create_model() end ==================================
2021-04-05 11:02:37,928:INFO:Creating metrics dataframe
2021-04-05 11:02:37,958:INFO:Initializing Random Forest Classifier
2021-04-05 11:02:37,958:INFO:Total runtime is 0.32871345281600955 minutes
2021-04-05 11:02:37,969:INFO:SubProcess create_model() called ==================================
2021-04-05 11:02:37,969:INFO:Initializing create_model()
2021-04-05 11:02:37,970:INFO:create_model(estimator=rf, fold=StratifiedKFold(n_splits=10, random_state=None, shuffle=False), round=4, cross_validation=True, predict=True, fit_kwargs={}, groups=None, refit=False, verbose=False, system=False, metrics=None, display=<pycaret.internal.Display.Display object at 0x15fde9208>, kwargs={})
2021-04-05 11:02:37,970:INFO:Checking exceptions
2021-04-05 11:02:37,970:INFO:Importing libraries
2021-04-05 11:02:37,970:INFO:Copying training dataset
2021-04-05 11:02:37,971:INFO:Defining folds
2021-04-05 11:02:37,972:INFO:Declaring metric variables
2021-04-05 11:02:37,981:INFO:Importing untrained model
2021-04-05 11:02:37,992:INFO:Random Forest Classifier Imported succesfully
2021-04-05 11:02:38,016:INFO:Starting cross validation
2021-04-05 11:02:38,017:INFO:Cross validating with StratifiedKFold(n_splits=10, random_state=None, shuffle=False), n_jobs=-1
2021-04-05 11:02:39,538:INFO:Calculating mean and std
2021-04-05 11:02:39,539:INFO:Creating metrics dataframe
2021-04-05 11:02:39,543:INFO:Uploading results into container
2021-04-05 11:02:39,543:INFO:Uploading model into container now
2021-04-05 11:02:39,543:INFO:create_model_container: 7
2021-04-05 11:02:39,543:INFO:master_model_container: 7
2021-04-05 11:02:39,543:INFO:display_container: 2
2021-04-05 11:02:39,544:INFO:RandomForestClassifier(bootstrap=True, ccp_alpha=0.0, class_weight=None,
                       criterion='gini', max_depth=None, max_features='auto',
                       max_leaf_nodes=None, max_samples=None,
                       min_impurity_decrease=0.0, min_impurity_split=None,
                       min_samples_leaf=1, min_samples_split=2,
                       min_weight_fraction_leaf=0.0, n_estimators=100,
                       n_jobs=-1, oob_score=False, random_state=123, verbose=0,
                       warm_start=False)
2021-04-05 11:02:39,544:INFO:create_model() succesfully completed......................................
2021-04-05 11:02:39,638:INFO:SubProcess create_model() end ==================================
2021-04-05 11:02:39,638:INFO:Creating metrics dataframe
2021-04-05 11:02:39,665:INFO:Initializing Quadratic Discriminant Analysis
2021-04-05 11:02:39,666:INFO:Total runtime is 0.3571671009063721 minutes
2021-04-05 11:02:39,675:INFO:SubProcess create_model() called ==================================
2021-04-05 11:02:39,676:INFO:Initializing create_model()
2021-04-05 11:02:39,676:INFO:create_model(estimator=qda, fold=StratifiedKFold(n_splits=10, random_state=None, shuffle=False), round=4, cross_validation=True, predict=True, fit_kwargs={}, groups=None, refit=False, verbose=False, system=False, metrics=None, display=<pycaret.internal.Display.Display object at 0x15fde9208>, kwargs={})
2021-04-05 11:02:39,676:INFO:Checking exceptions
2021-04-05 11:02:39,676:INFO:Importing libraries
2021-04-05 11:02:39,676:INFO:Copying training dataset
2021-04-05 11:02:39,677:INFO:Defining folds
2021-04-05 11:02:39,678:INFO:Declaring metric variables
2021-04-05 11:02:39,687:INFO:Importing untrained model
2021-04-05 11:02:39,696:INFO:Quadratic Discriminant Analysis Imported succesfully
2021-04-05 11:02:39,717:INFO:Starting cross validation
2021-04-05 11:02:39,718:INFO:Cross validating with StratifiedKFold(n_splits=10, random_state=None, shuffle=False), n_jobs=-1
2021-04-05 11:02:40,226:INFO:Calculating mean and std
2021-04-05 11:02:40,227:INFO:Creating metrics dataframe
2021-04-05 11:02:40,233:INFO:Uploading results into container
2021-04-05 11:02:40,233:INFO:Uploading model into container now
2021-04-05 11:02:40,233:INFO:create_model_container: 8
2021-04-05 11:02:40,233:INFO:master_model_container: 8
2021-04-05 11:02:40,233:INFO:display_container: 2
2021-04-05 11:02:40,234:INFO:QuadraticDiscriminantAnalysis(priors=None, reg_param=0.0,
                              store_covariance=False, tol=0.0001)
2021-04-05 11:02:40,234:INFO:create_model() succesfully completed......................................
2021-04-05 11:02:40,329:INFO:SubProcess create_model() end ==================================
2021-04-05 11:02:40,329:INFO:Creating metrics dataframe
2021-04-05 11:02:40,359:INFO:Initializing Ada Boost Classifier
2021-04-05 11:02:40,359:INFO:Total runtime is 0.36873053709665937 minutes
2021-04-05 11:02:40,369:INFO:SubProcess create_model() called ==================================
2021-04-05 11:02:40,370:INFO:Initializing create_model()
2021-04-05 11:02:40,370:INFO:create_model(estimator=ada, fold=StratifiedKFold(n_splits=10, random_state=None, shuffle=False), round=4, cross_validation=True, predict=True, fit_kwargs={}, groups=None, refit=False, verbose=False, system=False, metrics=None, display=<pycaret.internal.Display.Display object at 0x15fde9208>, kwargs={})
2021-04-05 11:02:40,370:INFO:Checking exceptions
2021-04-05 11:02:40,370:INFO:Importing libraries
2021-04-05 11:02:40,370:INFO:Copying training dataset
2021-04-05 11:02:40,371:INFO:Defining folds
2021-04-05 11:02:40,372:INFO:Declaring metric variables
2021-04-05 11:02:40,380:INFO:Importing untrained model
2021-04-05 11:02:40,389:INFO:Ada Boost Classifier Imported succesfully
2021-04-05 11:02:40,408:INFO:Starting cross validation
2021-04-05 11:02:40,409:INFO:Cross validating with StratifiedKFold(n_splits=10, random_state=None, shuffle=False), n_jobs=-1
2021-04-05 11:02:41,059:INFO:Calculating mean and std
2021-04-05 11:02:41,061:INFO:Creating metrics dataframe
2021-04-05 11:02:41,067:INFO:Uploading results into container
2021-04-05 11:02:41,067:INFO:Uploading model into container now
2021-04-05 11:02:41,068:INFO:create_model_container: 9
2021-04-05 11:02:41,068:INFO:master_model_container: 9
2021-04-05 11:02:41,068:INFO:display_container: 2
2021-04-05 11:02:41,068:INFO:AdaBoostClassifier(algorithm='SAMME.R', base_estimator=None, learning_rate=1.0,
                   n_estimators=50, random_state=123)
2021-04-05 11:02:41,068:INFO:create_model() succesfully completed......................................
2021-04-05 11:02:41,165:INFO:SubProcess create_model() end ==================================
2021-04-05 11:02:41,165:INFO:Creating metrics dataframe
2021-04-05 11:02:41,196:INFO:Initializing Gradient Boosting Classifier
2021-04-05 11:02:41,196:INFO:Total runtime is 0.38267475366592413 minutes
2021-04-05 11:02:41,206:INFO:SubProcess create_model() called ==================================
2021-04-05 11:02:41,206:INFO:Initializing create_model()
2021-04-05 11:02:41,206:INFO:create_model(estimator=gbc, fold=StratifiedKFold(n_splits=10, random_state=None, shuffle=False), round=4, cross_validation=True, predict=True, fit_kwargs={}, groups=None, refit=False, verbose=False, system=False, metrics=None, display=<pycaret.internal.Display.Display object at 0x15fde9208>, kwargs={})
2021-04-05 11:02:41,206:INFO:Checking exceptions
2021-04-05 11:02:41,206:INFO:Importing libraries
2021-04-05 11:02:41,206:INFO:Copying training dataset
2021-04-05 11:02:41,208:INFO:Defining folds
2021-04-05 11:02:41,208:INFO:Declaring metric variables
2021-04-05 11:02:41,216:INFO:Importing untrained model
2021-04-05 11:02:41,225:INFO:Gradient Boosting Classifier Imported succesfully
2021-04-05 11:02:41,243:INFO:Starting cross validation
2021-04-05 11:02:41,244:INFO:Cross validating with StratifiedKFold(n_splits=10, random_state=None, shuffle=False), n_jobs=-1
2021-04-05 11:02:42,226:INFO:Calculating mean and std
2021-04-05 11:02:42,228:INFO:Creating metrics dataframe
2021-04-05 11:02:42,234:INFO:Uploading results into container
2021-04-05 11:02:42,234:INFO:Uploading model into container now
2021-04-05 11:02:42,234:INFO:create_model_container: 10
2021-04-05 11:02:42,234:INFO:master_model_container: 10
2021-04-05 11:02:42,234:INFO:display_container: 2
2021-04-05 11:02:42,235:INFO:GradientBoostingClassifier(ccp_alpha=0.0, criterion='friedman_mse', init=None,
                           learning_rate=0.1, loss='deviance', max_depth=3,
                           max_features=None, max_leaf_nodes=None,
                           min_impurity_decrease=0.0, min_impurity_split=None,
                           min_samples_leaf=1, min_samples_split=2,
                           min_weight_fraction_leaf=0.0, n_estimators=100,
                           n_iter_no_change=None, presort='deprecated',
                           random_state=123, subsample=1.0, tol=0.0001,
                           validation_fraction=0.1, verbose=0,
                           warm_start=False)
2021-04-05 11:02:42,235:INFO:create_model() succesfully completed......................................
2021-04-05 11:02:42,335:INFO:SubProcess create_model() end ==================================
2021-04-05 11:02:42,335:INFO:Creating metrics dataframe
2021-04-05 11:02:42,366:INFO:Initializing Linear Discriminant Analysis
2021-04-05 11:02:42,366:INFO:Total runtime is 0.40217778285344447 minutes
2021-04-05 11:02:42,376:INFO:SubProcess create_model() called ==================================
2021-04-05 11:02:42,376:INFO:Initializing create_model()
2021-04-05 11:02:42,376:INFO:create_model(estimator=lda, fold=StratifiedKFold(n_splits=10, random_state=None, shuffle=False), round=4, cross_validation=True, predict=True, fit_kwargs={}, groups=None, refit=False, verbose=False, system=False, metrics=None, display=<pycaret.internal.Display.Display object at 0x15fde9208>, kwargs={})
2021-04-05 11:02:42,376:INFO:Checking exceptions
2021-04-05 11:02:42,377:INFO:Importing libraries
2021-04-05 11:02:42,377:INFO:Copying training dataset
2021-04-05 11:02:42,378:INFO:Defining folds
2021-04-05 11:02:42,378:INFO:Declaring metric variables
2021-04-05 11:02:42,387:INFO:Importing untrained model
2021-04-05 11:02:42,396:INFO:Linear Discriminant Analysis Imported succesfully
2021-04-05 11:02:42,415:INFO:Starting cross validation
2021-04-05 11:02:42,416:INFO:Cross validating with StratifiedKFold(n_splits=10, random_state=None, shuffle=False), n_jobs=-1
2021-04-05 11:02:43,476:INFO:Calculating mean and std
2021-04-05 11:02:43,478:INFO:Creating metrics dataframe
2021-04-05 11:02:43,484:INFO:Uploading results into container
2021-04-05 11:02:43,484:INFO:Uploading model into container now
2021-04-05 11:02:43,484:INFO:create_model_container: 11
2021-04-05 11:02:43,484:INFO:master_model_container: 11
2021-04-05 11:02:43,484:INFO:display_container: 2
2021-04-05 11:02:43,485:INFO:LinearDiscriminantAnalysis(n_components=None, priors=None, shrinkage=None,
                           solver='svd', store_covariance=False, tol=0.0001)
2021-04-05 11:02:43,485:INFO:create_model() succesfully completed......................................
2021-04-05 11:02:43,583:INFO:SubProcess create_model() end ==================================
2021-04-05 11:02:43,583:INFO:Creating metrics dataframe
2021-04-05 11:02:43,616:INFO:Initializing Extra Trees Classifier
2021-04-05 11:02:43,617:INFO:Total runtime is 0.4230179349581401 minutes
2021-04-05 11:02:43,627:INFO:SubProcess create_model() called ==================================
2021-04-05 11:02:43,627:INFO:Initializing create_model()
2021-04-05 11:02:43,627:INFO:create_model(estimator=et, fold=StratifiedKFold(n_splits=10, random_state=None, shuffle=False), round=4, cross_validation=True, predict=True, fit_kwargs={}, groups=None, refit=False, verbose=False, system=False, metrics=None, display=<pycaret.internal.Display.Display object at 0x15fde9208>, kwargs={})
2021-04-05 11:02:43,627:INFO:Checking exceptions
2021-04-05 11:02:43,628:INFO:Importing libraries
2021-04-05 11:02:43,628:INFO:Copying training dataset
2021-04-05 11:02:43,629:INFO:Defining folds
2021-04-05 11:02:43,629:INFO:Declaring metric variables
2021-04-05 11:02:43,638:INFO:Importing untrained model
2021-04-05 11:02:43,647:INFO:Extra Trees Classifier Imported succesfully
2021-04-05 11:02:43,664:INFO:Starting cross validation
2021-04-05 11:02:43,665:INFO:Cross validating with StratifiedKFold(n_splits=10, random_state=None, shuffle=False), n_jobs=-1
2021-04-05 11:02:45,213:INFO:Calculating mean and std
2021-04-05 11:02:45,215:INFO:Creating metrics dataframe
2021-04-05 11:02:45,221:INFO:Uploading results into container
2021-04-05 11:02:45,221:INFO:Uploading model into container now
2021-04-05 11:02:45,222:INFO:create_model_container: 12
2021-04-05 11:02:45,222:INFO:master_model_container: 12
2021-04-05 11:02:45,222:INFO:display_container: 2
2021-04-05 11:02:45,222:INFO:ExtraTreesClassifier(bootstrap=False, ccp_alpha=0.0, class_weight=None,
                     criterion='gini', max_depth=None, max_features='auto',
                     max_leaf_nodes=None, max_samples=None,
                     min_impurity_decrease=0.0, min_impurity_split=None,
                     min_samples_leaf=1, min_samples_split=2,
                     min_weight_fraction_leaf=0.0, n_estimators=100, n_jobs=-1,
                     oob_score=False, random_state=123, verbose=0,
                     warm_start=False)
2021-04-05 11:02:45,222:INFO:create_model() succesfully completed......................................
2021-04-05 11:02:45,319:INFO:SubProcess create_model() end ==================================
2021-04-05 11:02:45,320:INFO:Creating metrics dataframe
2021-04-05 11:02:45,350:INFO:Initializing Light Gradient Boosting Machine
2021-04-05 11:02:45,351:INFO:Total runtime is 0.4519181847572327 minutes
2021-04-05 11:02:45,360:INFO:SubProcess create_model() called ==================================
2021-04-05 11:02:45,360:INFO:Initializing create_model()
2021-04-05 11:02:45,360:INFO:create_model(estimator=lightgbm, fold=StratifiedKFold(n_splits=10, random_state=None, shuffle=False), round=4, cross_validation=True, predict=True, fit_kwargs={}, groups=None, refit=False, verbose=False, system=False, metrics=None, display=<pycaret.internal.Display.Display object at 0x15fde9208>, kwargs={})
2021-04-05 11:02:45,361:INFO:Checking exceptions
2021-04-05 11:02:45,361:INFO:Importing libraries
2021-04-05 11:02:45,361:INFO:Copying training dataset
2021-04-05 11:02:45,362:INFO:Defining folds
2021-04-05 11:02:45,362:INFO:Declaring metric variables
2021-04-05 11:02:45,371:INFO:Importing untrained model
2021-04-05 11:02:45,380:INFO:Light Gradient Boosting Machine Imported succesfully
2021-04-05 11:02:45,398:INFO:Starting cross validation
2021-04-05 11:02:45,399:INFO:Cross validating with StratifiedKFold(n_splits=10, random_state=None, shuffle=False), n_jobs=-1
2021-04-05 11:02:45,809:INFO:Calculating mean and std
2021-04-05 11:02:45,811:INFO:Creating metrics dataframe
2021-04-05 11:02:45,818:INFO:Uploading results into container
2021-04-05 11:02:45,819:INFO:Uploading model into container now
2021-04-05 11:02:45,819:INFO:create_model_container: 13
2021-04-05 11:02:45,819:INFO:master_model_container: 13
2021-04-05 11:02:45,819:INFO:display_container: 2
2021-04-05 11:02:45,820:INFO:LGBMClassifier(boosting_type='gbdt', class_weight=None, colsample_bytree=1.0,
               importance_type='split', learning_rate=0.1, max_depth=-1,
               min_child_samples=20, min_child_weight=0.001, min_split_gain=0.0,
               n_estimators=100, n_jobs=-1, num_leaves=31, objective=None,
               random_state=123, reg_alpha=0.0, reg_lambda=0.0, silent=True,
               subsample=1.0, subsample_for_bin=200000, subsample_freq=0)
2021-04-05 11:02:45,820:INFO:create_model() succesfully completed......................................
2021-04-05 11:02:45,919:INFO:SubProcess create_model() end ==================================
2021-04-05 11:02:45,919:INFO:Creating metrics dataframe
2021-04-05 11:02:45,974:INFO:Initializing create_model()
2021-04-05 11:02:45,974:INFO:create_model(estimator=RidgeClassifier(alpha=1.0, class_weight=None, copy_X=True, fit_intercept=True,
                max_iter=None, normalize=False, random_state=123, solver='auto',
                tol=0.001), fold=StratifiedKFold(n_splits=10, random_state=None, shuffle=False), round=4, cross_validation=False, predict=False, fit_kwargs={}, groups=None, refit=True, verbose=False, system=False, metrics=None, display=None, kwargs={})
2021-04-05 11:02:45,974:INFO:Checking exceptions
2021-04-05 11:02:45,975:INFO:Importing libraries
2021-04-05 11:02:45,975:INFO:Copying training dataset
2021-04-05 11:02:45,975:INFO:Defining folds
2021-04-05 11:02:45,976:INFO:Declaring metric variables
2021-04-05 11:02:45,976:INFO:Importing untrained model
2021-04-05 11:02:45,976:INFO:Declaring custom model
2021-04-05 11:02:45,976:INFO:Ridge Classifier Imported succesfully
2021-04-05 11:02:45,977:INFO:Cross validation set to False
2021-04-05 11:02:45,977:INFO:Fitting Model
2021-04-05 11:02:46,017:INFO:RidgeClassifier(alpha=1.0, class_weight=None, copy_X=True, fit_intercept=True,
                max_iter=None, normalize=False, random_state=123, solver='auto',
                tol=0.001)
2021-04-05 11:02:46,017:INFO:create_models() succesfully completed......................................
2021-04-05 11:02:46,137:INFO:Creating MLFlow logs
2021-04-05 11:02:46,150:INFO:Model: Ridge Classifier
2021-04-05 11:02:46,161:INFO:logged params: {'alpha': 1.0, 'class_weight': None, 'copy_X': True, 'fit_intercept': True, 'max_iter': None, 'normalize': False, 'random_state': 123, 'solver': 'auto', 'tol': 0.001}
2021-04-05 11:02:46,194:INFO:Initializing predict_model()
2021-04-05 11:02:46,194:INFO:predict_model(estimator=RidgeClassifier(alpha=1.0, class_weight=None, copy_X=True, fit_intercept=True,
                max_iter=None, normalize=False, random_state=123, solver='auto',
                tol=0.001), probability_threshold=None, encoded_labels=False, raw_score=False, round=4, verbose=False, ml_usecase=None, display=None)
2021-04-05 11:02:46,194:INFO:Checking exceptions
2021-04-05 11:02:46,194:INFO:Preloading libraries
2021-04-05 11:02:46,516:INFO:Creating MLFlow logs
2021-04-05 11:02:46,529:INFO:Model: Logistic Regression
2021-04-05 11:02:46,541:INFO:logged params: {'C': 1.0, 'class_weight': None, 'dual': False, 'fit_intercept': True, 'intercept_scaling': 1, 'l1_ratio': None, 'max_iter': 1000, 'multi_class': 'auto', 'n_jobs': None, 'penalty': 'l2', 'random_state': 123, 'solver': 'lbfgs', 'tol': 0.0001, 'verbose': 0, 'warm_start': False}
2021-04-05 11:02:46,793:INFO:Creating MLFlow logs
2021-04-05 11:02:46,805:INFO:Model: Extra Trees Classifier
2021-04-05 11:02:46,819:INFO:logged params: {'bootstrap': False, 'ccp_alpha': 0.0, 'class_weight': None, 'criterion': 'gini', 'max_depth': None, 'max_features': 'auto', 'max_leaf_nodes': None, 'max_samples': None, 'min_impurity_decrease': 0.0, 'min_impurity_split': None, 'min_samples_leaf': 1, 'min_samples_split': 2, 'min_weight_fraction_leaf': 0.0, 'n_estimators': 100, 'n_jobs': -1, 'oob_score': False, 'random_state': 123, 'verbose': 0, 'warm_start': False}
2021-04-05 11:02:47,087:INFO:Creating MLFlow logs
2021-04-05 11:02:47,100:INFO:Model: Gradient Boosting Classifier
2021-04-05 11:02:47,111:INFO:logged params: {'ccp_alpha': 0.0, 'criterion': 'friedman_mse', 'init': None, 'learning_rate': 0.1, 'loss': 'deviance', 'max_depth': 3, 'max_features': None, 'max_leaf_nodes': None, 'min_impurity_decrease': 0.0, 'min_impurity_split': None, 'min_samples_leaf': 1, 'min_samples_split': 2, 'min_weight_fraction_leaf': 0.0, 'n_estimators': 100, 'n_iter_no_change': None, 'presort': 'deprecated', 'random_state': 123, 'subsample': 1.0, 'tol': 0.0001, 'validation_fraction': 0.1, 'verbose': 0, 'warm_start': False}
2021-04-05 11:02:47,360:INFO:Creating MLFlow logs
2021-04-05 11:02:47,375:INFO:Model: Ada Boost Classifier
2021-04-05 11:02:47,393:INFO:logged params: {'algorithm': 'SAMME.R', 'base_estimator': None, 'learning_rate': 1.0, 'n_estimators': 50, 'random_state': 123}
2021-04-05 11:02:47,634:INFO:Creating MLFlow logs
2021-04-05 11:02:47,646:INFO:Model: Random Forest Classifier
2021-04-05 11:02:47,658:INFO:logged params: {'bootstrap': True, 'ccp_alpha': 0.0, 'class_weight': None, 'criterion': 'gini', 'max_depth': None, 'max_features': 'auto', 'max_leaf_nodes': None, 'max_samples': None, 'min_impurity_decrease': 0.0, 'min_impurity_split': None, 'min_samples_leaf': 1, 'min_samples_split': 2, 'min_weight_fraction_leaf': 0.0, 'n_estimators': 100, 'n_jobs': -1, 'oob_score': False, 'random_state': 123, 'verbose': 0, 'warm_start': False}
2021-04-05 11:02:47,919:INFO:Creating MLFlow logs
2021-04-05 11:02:47,931:INFO:Model: Decision Tree Classifier
2021-04-05 11:02:47,946:INFO:logged params: {'ccp_alpha': 0.0, 'class_weight': None, 'criterion': 'gini', 'max_depth': None, 'max_features': None, 'max_leaf_nodes': None, 'min_impurity_decrease': 0.0, 'min_impurity_split': None, 'min_samples_leaf': 1, 'min_samples_split': 2, 'min_weight_fraction_leaf': 0.0, 'presort': 'deprecated', 'random_state': 123, 'splitter': 'best'}
2021-04-05 11:02:48,186:INFO:Creating MLFlow logs
2021-04-05 11:02:48,199:INFO:Model: Light Gradient Boosting Machine
2021-04-05 11:02:48,217:INFO:logged params: {'boosting_type': 'gbdt', 'class_weight': None, 'colsample_bytree': 1.0, 'importance_type': 'split', 'learning_rate': 0.1, 'max_depth': -1, 'min_child_samples': 20, 'min_child_weight': 0.001, 'min_split_gain': 0.0, 'n_estimators': 100, 'n_jobs': -1, 'num_leaves': 31, 'objective': None, 'random_state': 123, 'reg_alpha': 0.0, 'reg_lambda': 0.0, 'silent': True, 'subsample': 1.0, 'subsample_for_bin': 200000, 'subsample_freq': 0}
2021-04-05 11:02:48,473:INFO:Creating MLFlow logs
2021-04-05 11:02:48,488:INFO:Model: K Neighbors Classifier
2021-04-05 11:02:48,506:INFO:logged params: {'algorithm': 'auto', 'leaf_size': 30, 'metric': 'minkowski', 'metric_params': None, 'n_jobs': -1, 'n_neighbors': 5, 'p': 2, 'weights': 'uniform'}
2021-04-05 11:02:48,751:INFO:Creating MLFlow logs
2021-04-05 11:02:48,762:INFO:Model: Linear Discriminant Analysis
2021-04-05 11:02:48,773:INFO:logged params: {'n_components': None, 'priors': None, 'shrinkage': None, 'solver': 'svd', 'store_covariance': False, 'tol': 0.0001}
2021-04-05 11:02:49,029:INFO:Creating MLFlow logs
2021-04-05 11:02:49,041:INFO:Model: SVM - Linear Kernel
2021-04-05 11:02:49,052:INFO:logged params: {'alpha': 0.0001, 'average': False, 'class_weight': None, 'early_stopping': False, 'epsilon': 0.1, 'eta0': 0.001, 'fit_intercept': True, 'l1_ratio': 0.15, 'learning_rate': 'optimal', 'loss': 'hinge', 'max_iter': 1000, 'n_iter_no_change': 5, 'n_jobs': -1, 'penalty': 'l2', 'power_t': 0.5, 'random_state': 123, 'shuffle': True, 'tol': 0.001, 'validation_fraction': 0.1, 'verbose': 0, 'warm_start': False}
2021-04-05 11:02:49,296:INFO:Creating MLFlow logs
2021-04-05 11:02:49,315:INFO:Model: Quadratic Discriminant Analysis
2021-04-05 11:02:49,333:INFO:logged params: {'priors': None, 'reg_param': 0.0, 'store_covariance': False, 'tol': 0.0001}
2021-04-05 11:02:49,583:INFO:Creating MLFlow logs
2021-04-05 11:02:49,601:INFO:Model: Naive Bayes
2021-04-05 11:02:49,620:INFO:logged params: {'priors': None, 'var_smoothing': 1e-09}
2021-04-05 11:02:49,892:INFO:create_model_container: 13
2021-04-05 11:02:49,892:INFO:master_model_container: 13
2021-04-05 11:02:49,893:INFO:display_container: 2
2021-04-05 11:02:49,893:INFO:RidgeClassifier(alpha=1.0, class_weight=None, copy_X=True, fit_intercept=True,
                max_iter=None, normalize=False, random_state=123, solver='auto',
                tol=0.001)
2021-04-05 11:02:49,894:INFO:compare_models() succesfully completed......................................
2021-04-05 11:11:39,942:INFO:Initializing plot_model()
2021-04-05 11:11:39,943:INFO:plot_model(plot=auc, fold=None, use_train_data=False, verbose=True, is_in_evaluate=False, display=None, display_format=None, estimator=RidgeClassifier(alpha=1.0, class_weight=None, copy_X=True, fit_intercept=True,
                max_iter=None, normalize=False, random_state=123, solver='auto',
                tol=0.001), feature_name=None, fit_kwargs=None, groups=None, label=False, save=False, scale=1, system=True)
2021-04-05 11:11:39,943:INFO:Checking exceptions
2021-04-05 11:16:32,979:INFO:Initializing create_model()
2021-04-05 11:16:32,980:INFO:create_model(estimator=lr, fold=None, round=4, cross_validation=True, predict=True, fit_kwargs=None, groups=None, refit=True, verbose=True, system=True, metrics=None, display=None, kwargs={})
2021-04-05 11:16:32,980:INFO:Checking exceptions
2021-04-05 11:16:32,980:INFO:Preparing display monitor
2021-04-05 11:16:33,001:INFO:Importing libraries
2021-04-05 11:16:33,002:INFO:Copying training dataset
2021-04-05 11:16:33,003:INFO:Defining folds
2021-04-05 11:16:33,003:INFO:Declaring metric variables
2021-04-05 11:16:33,012:INFO:Importing untrained model
2021-04-05 11:16:33,023:INFO:Logistic Regression Imported succesfully
2021-04-05 11:16:33,041:INFO:Starting cross validation
2021-04-05 11:16:33,042:INFO:Cross validating with StratifiedKFold(n_splits=10, random_state=None, shuffle=False), n_jobs=-1
2021-04-05 11:16:39,825:INFO:Calculating mean and std
2021-04-05 11:16:39,828:INFO:Creating metrics dataframe
2021-04-05 11:16:39,850:INFO:Finalizing model
2021-04-05 11:16:40,102:INFO:Creating MLFlow logs
2021-04-05 11:16:40,113:INFO:Model: Logistic Regression
2021-04-05 11:16:40,122:INFO:logged params: {'C': 1.0, 'class_weight': None, 'dual': False, 'fit_intercept': True, 'intercept_scaling': 1, 'l1_ratio': None, 'max_iter': 1000, 'multi_class': 'auto', 'n_jobs': None, 'penalty': 'l2', 'random_state': 123, 'solver': 'lbfgs', 'tol': 0.0001, 'verbose': 0, 'warm_start': False}
2021-04-05 11:16:40,156:INFO:Initializing predict_model()
2021-04-05 11:16:40,156:INFO:predict_model(estimator=LogisticRegression(C=1.0, class_weight=None, dual=False, fit_intercept=True,
                   intercept_scaling=1, l1_ratio=None, max_iter=1000,
                   multi_class='auto', n_jobs=None, penalty='l2',
                   random_state=123, solver='lbfgs', tol=0.0001, verbose=0,
                   warm_start=False), probability_threshold=None, encoded_labels=False, raw_score=False, round=4, verbose=False, ml_usecase=None, display=None)
2021-04-05 11:16:40,156:INFO:Checking exceptions
2021-04-05 11:16:40,156:INFO:Preloading libraries
2021-04-05 11:16:40,565:INFO:Uploading results into container
2021-04-05 11:16:40,565:INFO:Uploading model into container now
2021-04-05 11:16:40,580:INFO:create_model_container: 14
2021-04-05 11:16:40,581:INFO:master_model_container: 14
2021-04-05 11:16:40,581:INFO:display_container: 3
2021-04-05 11:16:40,581:INFO:LogisticRegression(C=1.0, class_weight=None, dual=False, fit_intercept=True,
                   intercept_scaling=1, l1_ratio=None, max_iter=1000,
                   multi_class='auto', n_jobs=None, penalty='l2',
                   random_state=123, solver='lbfgs', tol=0.0001, verbose=0,
                   warm_start=False)
2021-04-05 11:16:40,581:INFO:create_model() succesfully completed......................................
2021-04-05 11:17:56,694:INFO:Initializing plot_model()
2021-04-05 11:17:56,695:INFO:plot_model(plot=auc, fold=None, use_train_data=False, verbose=True, is_in_evaluate=False, display=None, display_format=None, estimator=LogisticRegression(C=1.0, class_weight=None, dual=False, fit_intercept=True,
                   intercept_scaling=1, l1_ratio=None, max_iter=1000,
                   multi_class='auto', n_jobs=None, penalty='l2',
                   random_state=123, solver='lbfgs', tol=0.0001, verbose=0,
                   warm_start=False), feature_name=None, fit_kwargs=None, groups=None, label=False, save=False, scale=1, system=True)
2021-04-05 11:17:56,695:INFO:Checking exceptions
2021-04-05 11:17:56,696:INFO:Preparing display monitor
2021-04-05 11:17:56,703:INFO:Preloading libraries
2021-04-05 11:17:56,704:INFO:Copying training dataset
2021-04-05 11:17:56,706:INFO:Copying test dataset
2021-04-05 11:17:56,706:INFO:Plot type: auc
2021-04-05 11:17:57,226:INFO:Fitting Model
2021-04-05 11:17:57,227:INFO:Scoring test/hold-out set
2021-04-05 11:17:57,598:INFO:Visual Rendered Successfully
2021-04-05 11:17:57,694:INFO:plot_model() succesfully completed......................................
2021-04-05 11:18:18,726:INFO:Initializing tune_model()
2021-04-05 11:18:18,726:INFO:tune_model(estimator=LogisticRegression(C=1.0, class_weight=None, dual=False, fit_intercept=True,
                   intercept_scaling=1, l1_ratio=None, max_iter=1000,
                   multi_class='auto', n_jobs=None, penalty='l2',
                   random_state=123, solver='lbfgs', tol=0.0001, verbose=0,
                   warm_start=False), fold=None, round=4, n_iter=10, custom_grid=None, optimize=Accuracy, custom_scorer=None, search_library=scikit-learn, search_algorithm=None, early_stopping=False, early_stopping_max_iters=10, choose_better=False, fit_kwargs=None, groups=None, return_tuner=False, verbose=True, tuner_verbose=True, display=None, kwargs={})
2021-04-05 11:18:18,726:INFO:Checking exceptions
2021-04-05 11:18:18,727:INFO:Preparing display monitor
2021-04-05 11:18:18,747:INFO:Copying training dataset
2021-04-05 11:18:18,748:INFO:Checking base model
2021-04-05 11:18:18,749:INFO:Base model : Logistic Regression
2021-04-05 11:18:18,757:INFO:Declaring metric variables
2021-04-05 11:18:18,766:INFO:Defining Hyperparameters
2021-04-05 11:18:18,866:INFO:Tuning with n_jobs=-1
2021-04-05 11:18:18,866:INFO:Initializing RandomizedSearchCV
2021-04-05 11:18:46,773:INFO:best_params: {'actual_estimator__class_weight': 'balanced', 'actual_estimator__C': 8.866}
2021-04-05 11:18:46,775:INFO:Hyperparameter search completed
2021-04-05 11:18:46,775:INFO:SubProcess create_model() called ==================================
2021-04-05 11:18:46,776:INFO:Initializing create_model()
2021-04-05 11:18:46,776:INFO:create_model(estimator=LogisticRegression(C=1.0, class_weight=None, dual=False, fit_intercept=True,
                   intercept_scaling=1, l1_ratio=None, max_iter=1000,
                   multi_class='auto', n_jobs=None, penalty='l2',
                   random_state=123, solver='lbfgs', tol=0.0001, verbose=0,
                   warm_start=False), fold=StratifiedKFold(n_splits=10, random_state=None, shuffle=False), round=4, cross_validation=True, predict=True, fit_kwargs={}, groups=None, refit=True, verbose=True, system=False, metrics=None, display=<pycaret.internal.Display.Display object at 0x15fe422b0>, kwargs={'class_weight': 'balanced', 'C': 8.866})
2021-04-05 11:18:46,776:INFO:Checking exceptions
2021-04-05 11:18:46,776:INFO:Importing libraries
2021-04-05 11:18:46,776:INFO:Copying training dataset
2021-04-05 11:18:46,778:INFO:Defining folds
2021-04-05 11:18:46,778:INFO:Declaring metric variables
2021-04-05 11:18:46,788:INFO:Importing untrained model
2021-04-05 11:18:46,788:INFO:Declaring custom model
2021-04-05 11:18:46,798:INFO:Logistic Regression Imported succesfully
2021-04-05 11:18:46,815:INFO:Starting cross validation
2021-04-05 11:18:46,816:INFO:Cross validating with StratifiedKFold(n_splits=10, random_state=None, shuffle=False), n_jobs=-1
2021-04-05 11:18:50,765:INFO:Calculating mean and std
2021-04-05 11:18:50,767:INFO:Creating metrics dataframe
2021-04-05 11:18:50,781:INFO:Finalizing model
2021-04-05 11:22:08,581:INFO:Initializing plot_model()
2021-04-05 11:22:08,581:INFO:plot_model(plot=auc, fold=None, use_train_data=False, verbose=True, is_in_evaluate=False, display=None, display_format=None, estimator=LogisticRegression(C=1.0, class_weight=None, dual=False, fit_intercept=True,
                   intercept_scaling=1, l1_ratio=None, max_iter=1000,
                   multi_class='auto', n_jobs=None, penalty='l2',
                   random_state=123, solver='lbfgs', tol=0.0001, verbose=0,
                   warm_start=False), feature_name=None, fit_kwargs=None, groups=None, label=False, save=False, scale=1, system=True)
2021-04-05 11:22:08,581:INFO:Checking exceptions
2021-04-05 11:22:08,582:INFO:Preparing display monitor
2021-04-05 11:22:08,591:INFO:Preloading libraries
2021-04-05 11:22:08,592:INFO:Copying training dataset
2021-04-05 11:22:08,592:INFO:Copying test dataset
2021-04-05 11:22:08,593:INFO:Plot type: auc
2021-04-05 11:22:08,594:INFO:Fitting Model
2021-04-05 11:22:08,596:INFO:Scoring test/hold-out set
2021-04-05 11:22:08,997:INFO:Visual Rendered Successfully
2021-04-05 11:22:09,099:INFO:plot_model() succesfully completed......................................
2021-04-05 11:22:28,382:INFO:Initializing plot_model()
2021-04-05 11:22:28,382:INFO:plot_model(plot=confusion_matrix, fold=None, use_train_data=False, verbose=True, is_in_evaluate=False, display=None, display_format=None, estimator=LogisticRegression(C=1.0, class_weight=None, dual=False, fit_intercept=True,
                   intercept_scaling=1, l1_ratio=None, max_iter=1000,
                   multi_class='auto', n_jobs=None, penalty='l2',
                   random_state=123, solver='lbfgs', tol=0.0001, verbose=0,
                   warm_start=False), feature_name=None, fit_kwargs=None, groups=None, label=False, save=False, scale=1, system=True)
2021-04-05 11:22:28,382:INFO:Checking exceptions
2021-04-05 11:22:28,383:INFO:Preparing display monitor
2021-04-05 11:22:28,391:INFO:Preloading libraries
2021-04-05 11:22:28,392:INFO:Copying training dataset
2021-04-05 11:22:28,393:INFO:Copying test dataset
2021-04-05 11:22:28,394:INFO:Plot type: confusion_matrix
2021-04-05 11:22:28,395:INFO:Fitting Model
2021-04-05 11:22:28,396:INFO:Scoring test/hold-out set
2021-04-05 11:22:28,615:INFO:Visual Rendered Successfully
2021-04-05 11:22:28,710:INFO:plot_model() succesfully completed......................................
2021-04-05 11:23:39,086:INFO:Initializing plot_model()
2021-04-05 11:23:39,086:INFO:plot_model(plot=feature, fold=None, use_train_data=False, verbose=True, is_in_evaluate=False, display=None, display_format=None, estimator=LogisticRegression(C=1.0, class_weight=None, dual=False, fit_intercept=True,
                   intercept_scaling=1, l1_ratio=None, max_iter=1000,
                   multi_class='auto', n_jobs=None, penalty='l2',
                   random_state=123, solver='lbfgs', tol=0.0001, verbose=0,
                   warm_start=False), feature_name=None, fit_kwargs=None, groups=None, label=False, save=False, scale=1, system=True)
2021-04-05 11:23:39,086:INFO:Checking exceptions
2021-04-05 11:23:39,087:INFO:Preparing display monitor
2021-04-05 11:23:39,095:INFO:Preloading libraries
2021-04-05 11:23:39,096:INFO:Copying training dataset
2021-04-05 11:23:39,097:INFO:Copying test dataset
2021-04-05 11:23:39,097:INFO:Plot type: feature
2021-04-05 11:23:39,430:INFO:Visual Rendered Successfully
2021-04-05 11:23:39,527:INFO:plot_model() succesfully completed......................................
2021-04-05 11:38:38,013:INFO:Initializing plot_model()
2021-04-05 11:38:38,013:INFO:plot_model(plot=vc, fold=None, use_train_data=False, verbose=True, is_in_evaluate=False, display=None, display_format=None, estimator=LogisticRegression(C=1.0, class_weight=None, dual=False, fit_intercept=True,
                   intercept_scaling=1, l1_ratio=None, max_iter=1000,
                   multi_class='auto', n_jobs=None, penalty='l2',
                   random_state=123, solver='lbfgs', tol=0.0001, verbose=0,
                   warm_start=False), feature_name=None, fit_kwargs=None, groups=None, label=False, save=False, scale=1, system=True)
2021-04-05 11:38:38,013:INFO:Checking exceptions
2021-04-05 11:38:38,014:INFO:Preparing display monitor
2021-04-05 11:38:38,022:INFO:Preloading libraries
2021-04-05 11:38:38,023:INFO:Copying training dataset
2021-04-05 11:38:38,024:INFO:Copying test dataset
2021-04-05 11:38:38,024:INFO:Plot type: vc
2021-04-05 11:38:38,025:INFO:Determining param_name
2021-04-05 11:38:38,025:INFO:param_name: actual_estimator__l1_ratio
2021-04-05 11:38:38,031:INFO:Fitting Model
2021-04-05 11:39:41,603:INFO:Initializing evaluate_model()
2021-04-05 11:39:41,604:INFO:evaluate_model(estimator=LogisticRegression(C=1.0, class_weight=None, dual=False, fit_intercept=True,
                   intercept_scaling=1, l1_ratio=None, max_iter=1000,
                   multi_class='auto', n_jobs=None, penalty='l2',
                   random_state=123, solver='lbfgs', tol=0.0001, verbose=0,
                   warm_start=False), fold=None, fit_kwargs=None, feature_name=None, groups=None, use_train_data=False)
2021-04-05 11:39:41,628:INFO:Initializing plot_model()
2021-04-05 11:39:41,628:INFO:plot_model(plot=parameter, fold=StratifiedKFold(n_splits=10, random_state=None, shuffle=False), use_train_data=False, verbose=True, is_in_evaluate=True, display=None, display_format=None, estimator=LogisticRegression(C=1.0, class_weight=None, dual=False, fit_intercept=True,
                   intercept_scaling=1, l1_ratio=None, max_iter=1000,
                   multi_class='auto', n_jobs=None, penalty='l2',
                   random_state=123, solver='lbfgs', tol=0.0001, verbose=0,
                   warm_start=False), feature_name=None, fit_kwargs={}, groups=None, label=False, save=False, scale=1, system=True)
2021-04-05 11:39:41,628:INFO:Checking exceptions
2021-04-05 11:39:41,630:INFO:Preparing display monitor
2021-04-05 11:39:41,637:INFO:Preloading libraries
2021-04-05 11:39:41,638:INFO:Copying training dataset
2021-04-05 11:39:41,640:INFO:Copying test dataset
2021-04-05 11:39:41,640:INFO:Plot type: parameter
2021-04-05 11:39:41,648:INFO:Visual Rendered Successfully
2021-04-05 11:39:41,770:INFO:plot_model() succesfully completed......................................
2021-04-05 11:39:50,024:INFO:Initializing plot_model()
2021-04-05 11:39:50,024:INFO:plot_model(plot=class_report, fold=StratifiedKFold(n_splits=10, random_state=None, shuffle=False), use_train_data=False, verbose=True, is_in_evaluate=True, display=None, display_format=None, estimator=LogisticRegression(C=1.0, class_weight=None, dual=False, fit_intercept=True,
                   intercept_scaling=1, l1_ratio=None, max_iter=1000,
                   multi_class='auto', n_jobs=None, penalty='l2',
                   random_state=123, solver='lbfgs', tol=0.0001, verbose=0,
                   warm_start=False), feature_name=None, fit_kwargs={}, groups=None, label=False, save=False, scale=1, system=True)
2021-04-05 11:39:50,024:INFO:Checking exceptions
2021-04-05 11:39:50,025:INFO:Preparing display monitor
2021-04-05 11:39:50,033:INFO:Preloading libraries
2021-04-05 11:39:50,034:INFO:Copying training dataset
2021-04-05 11:39:50,035:INFO:Copying test dataset
2021-04-05 11:39:50,035:INFO:Plot type: class_report
2021-04-05 11:39:50,037:INFO:Fitting Model
2021-04-05 11:39:50,038:INFO:Scoring test/hold-out set
2021-04-05 11:39:50,426:INFO:Visual Rendered Successfully
2021-04-05 11:39:50,524:INFO:plot_model() succesfully completed......................................
2021-04-05 11:39:50,794:INFO:Initializing plot_model()
2021-04-05 11:39:50,794:INFO:plot_model(plot=dimension, fold=StratifiedKFold(n_splits=10, random_state=None, shuffle=False), use_train_data=False, verbose=True, is_in_evaluate=True, display=None, display_format=None, estimator=LogisticRegression(C=1.0, class_weight=None, dual=False, fit_intercept=True,
                   intercept_scaling=1, l1_ratio=None, max_iter=1000,
                   multi_class='auto', n_jobs=None, penalty='l2',
                   random_state=123, solver='lbfgs', tol=0.0001, verbose=0,
                   warm_start=False), feature_name=None, fit_kwargs={}, groups=None, label=False, save=False, scale=1, system=True)
2021-04-05 11:39:50,794:INFO:Checking exceptions
2021-04-05 11:39:50,795:INFO:Preparing display monitor
2021-04-05 11:39:50,803:INFO:Preloading libraries
2021-04-05 11:39:50,804:INFO:Copying training dataset
2021-04-05 11:39:50,805:INFO:Copying test dataset
2021-04-05 11:39:50,805:INFO:Plot type: dimension
2021-04-05 11:39:50,826:INFO:Fitting StandardScaler()
2021-04-05 11:39:50,846:INFO:Fitting PCA()
2021-04-05 11:39:50,872:INFO:Fitting & Transforming Model
2021-04-05 11:39:51,392:INFO:Visual Rendered Successfully
2021-04-05 11:39:51,499:INFO:plot_model() succesfully completed......................................
2021-04-05 11:39:51,512:INFO:Initializing plot_model()
2021-04-05 11:39:51,513:INFO:plot_model(plot=tree, fold=StratifiedKFold(n_splits=10, random_state=None, shuffle=False), use_train_data=False, verbose=True, is_in_evaluate=True, display=None, display_format=None, estimator=LogisticRegression(C=1.0, class_weight=None, dual=False, fit_intercept=True,
                   intercept_scaling=1, l1_ratio=None, max_iter=1000,
                   multi_class='auto', n_jobs=None, penalty='l2',
                   random_state=123, solver='lbfgs', tol=0.0001, verbose=0,
                   warm_start=False), feature_name=None, fit_kwargs={}, groups=None, label=False, save=False, scale=1, system=True)
2021-04-05 11:39:51,513:INFO:Checking exceptions
2021-04-05 11:39:53,933:INFO:Initializing plot_model()
2021-04-05 11:39:53,933:INFO:plot_model(plot=dimension, fold=StratifiedKFold(n_splits=10, random_state=None, shuffle=False), use_train_data=False, verbose=True, is_in_evaluate=True, display=None, display_format=None, estimator=LogisticRegression(C=1.0, class_weight=None, dual=False, fit_intercept=True,
                   intercept_scaling=1, l1_ratio=None, max_iter=1000,
                   multi_class='auto', n_jobs=None, penalty='l2',
                   random_state=123, solver='lbfgs', tol=0.0001, verbose=0,
                   warm_start=False), feature_name=None, fit_kwargs={}, groups=None, label=False, save=False, scale=1, system=True)
2021-04-05 11:39:53,933:INFO:Checking exceptions
2021-04-05 11:39:53,934:INFO:Preparing display monitor
2021-04-05 11:39:53,942:INFO:Preloading libraries
2021-04-05 11:39:53,943:INFO:Copying training dataset
2021-04-05 11:39:53,943:INFO:Copying test dataset
2021-04-05 11:39:53,944:INFO:Plot type: dimension
2021-04-05 11:39:53,948:INFO:Fitting StandardScaler()
2021-04-05 11:39:53,969:INFO:Fitting PCA()
2021-04-05 11:39:53,983:INFO:Fitting & Transforming Model
2021-04-05 11:39:54,495:INFO:Visual Rendered Successfully
2021-04-05 11:39:54,593:INFO:plot_model() succesfully completed......................................
2021-04-05 11:39:55,507:INFO:Initializing plot_model()
2021-04-05 11:39:55,507:INFO:plot_model(plot=class_report, fold=StratifiedKFold(n_splits=10, random_state=None, shuffle=False), use_train_data=False, verbose=True, is_in_evaluate=True, display=None, display_format=None, estimator=LogisticRegression(C=1.0, class_weight=None, dual=False, fit_intercept=True,
                   intercept_scaling=1, l1_ratio=None, max_iter=1000,
                   multi_class='auto', n_jobs=None, penalty='l2',
                   random_state=123, solver='lbfgs', tol=0.0001, verbose=0,
                   warm_start=False), feature_name=None, fit_kwargs={}, groups=None, label=False, save=False, scale=1, system=True)
2021-04-05 11:39:55,507:INFO:Checking exceptions
2021-04-05 11:39:55,508:INFO:Preparing display monitor
2021-04-05 11:39:55,516:INFO:Preloading libraries
2021-04-05 11:39:55,518:INFO:Copying training dataset
2021-04-05 11:39:55,518:INFO:Copying test dataset
2021-04-05 11:39:55,519:INFO:Plot type: class_report
2021-04-05 11:39:55,521:INFO:Fitting Model
2021-04-05 11:39:55,522:INFO:Scoring test/hold-out set
2021-04-05 11:39:55,883:INFO:Visual Rendered Successfully
2021-04-05 11:39:55,985:INFO:plot_model() succesfully completed......................................
2021-04-05 11:39:58,906:INFO:Initializing plot_model()
2021-04-05 11:39:58,906:INFO:plot_model(plot=gain, fold=StratifiedKFold(n_splits=10, random_state=None, shuffle=False), use_train_data=False, verbose=True, is_in_evaluate=True, display=None, display_format=None, estimator=LogisticRegression(C=1.0, class_weight=None, dual=False, fit_intercept=True,
                   intercept_scaling=1, l1_ratio=None, max_iter=1000,
                   multi_class='auto', n_jobs=None, penalty='l2',
                   random_state=123, solver='lbfgs', tol=0.0001, verbose=0,
                   warm_start=False), feature_name=None, fit_kwargs={}, groups=None, label=False, save=False, scale=1, system=True)
2021-04-05 11:39:58,906:INFO:Checking exceptions
2021-04-05 11:39:58,907:INFO:Preparing display monitor
2021-04-05 11:39:58,915:INFO:Preloading libraries
2021-04-05 11:39:58,916:INFO:Copying training dataset
2021-04-05 11:39:58,917:INFO:Copying test dataset
2021-04-05 11:39:58,918:INFO:Plot type: gain
2021-04-05 11:39:58,919:INFO:Generating predictions / predict_proba on X_test
2021-04-05 11:39:59,269:INFO:Visual Rendered Successfully
2021-04-05 11:39:59,368:INFO:plot_model() succesfully completed......................................
2021-04-05 11:39:59,917:INFO:Initializing plot_model()
2021-04-05 11:39:59,917:INFO:plot_model(plot=lift, fold=StratifiedKFold(n_splits=10, random_state=None, shuffle=False), use_train_data=False, verbose=True, is_in_evaluate=True, display=None, display_format=None, estimator=LogisticRegression(C=1.0, class_weight=None, dual=False, fit_intercept=True,
                   intercept_scaling=1, l1_ratio=None, max_iter=1000,
                   multi_class='auto', n_jobs=None, penalty='l2',
                   random_state=123, solver='lbfgs', tol=0.0001, verbose=0,
                   warm_start=False), feature_name=None, fit_kwargs={}, groups=None, label=False, save=False, scale=1, system=True)
2021-04-05 11:39:59,917:INFO:Checking exceptions
2021-04-05 11:39:59,918:INFO:Preparing display monitor
2021-04-05 11:39:59,927:INFO:Preloading libraries
2021-04-05 11:39:59,928:INFO:Copying training dataset
2021-04-05 11:39:59,929:INFO:Copying test dataset
2021-04-05 11:39:59,929:INFO:Plot type: lift
2021-04-05 11:39:59,931:INFO:Generating predictions / predict_proba on X_test
2021-04-05 11:40:00,287:INFO:Visual Rendered Successfully
2021-04-05 11:40:00,385:INFO:plot_model() succesfully completed......................................
2021-04-05 11:40:01,527:INFO:Initializing plot_model()
2021-04-05 11:40:01,527:INFO:plot_model(plot=boundary, fold=StratifiedKFold(n_splits=10, random_state=None, shuffle=False), use_train_data=False, verbose=True, is_in_evaluate=True, display=None, display_format=None, estimator=LogisticRegression(C=1.0, class_weight=None, dual=False, fit_intercept=True,
                   intercept_scaling=1, l1_ratio=None, max_iter=1000,
                   multi_class='auto', n_jobs=None, penalty='l2',
                   random_state=123, solver='lbfgs', tol=0.0001, verbose=0,
                   warm_start=False), feature_name=None, fit_kwargs={}, groups=None, label=False, save=False, scale=1, system=True)
2021-04-05 11:40:01,527:INFO:Checking exceptions
2021-04-05 11:40:01,528:INFO:Preparing display monitor
2021-04-05 11:40:01,536:INFO:Preloading libraries
2021-04-05 11:40:01,537:INFO:Copying training dataset
2021-04-05 11:40:01,538:INFO:Copying test dataset
2021-04-05 11:40:01,538:INFO:Plot type: boundary
2021-04-05 11:40:01,546:INFO:Fitting StandardScaler()
2021-04-05 11:40:01,582:INFO:Fitting PCA()
2021-04-05 11:40:01,600:INFO:Fitting Model
2021-04-05 11:40:18,490:INFO:Visual Rendered Successfully
2021-04-05 11:40:18,666:INFO:plot_model() succesfully completed......................................
2021-04-05 11:40:27,292:INFO:Initializing plot_model()
2021-04-05 11:40:27,293:INFO:plot_model(plot=auc, fold=StratifiedKFold(n_splits=10, random_state=None, shuffle=False), use_train_data=False, verbose=True, is_in_evaluate=True, display=None, display_format=None, estimator=LogisticRegression(C=1.0, class_weight=None, dual=False, fit_intercept=True,
                   intercept_scaling=1, l1_ratio=None, max_iter=1000,
                   multi_class='auto', n_jobs=None, penalty='l2',
                   random_state=123, solver='lbfgs', tol=0.0001, verbose=0,
                   warm_start=False), feature_name=None, fit_kwargs={}, groups=None, label=False, save=False, scale=1, system=True)
2021-04-05 11:40:27,293:INFO:Checking exceptions
2021-04-05 11:40:27,294:INFO:Preparing display monitor
2021-04-05 11:40:27,301:INFO:Preloading libraries
2021-04-05 11:40:27,302:INFO:Copying training dataset
2021-04-05 11:40:27,303:INFO:Copying test dataset
2021-04-05 11:40:27,303:INFO:Plot type: auc
2021-04-05 11:40:27,304:INFO:Fitting Model
2021-04-05 11:40:27,305:INFO:Scoring test/hold-out set
2021-04-05 11:40:27,793:INFO:Visual Rendered Successfully
2021-04-05 11:40:27,911:INFO:plot_model() succesfully completed......................................
2021-04-05 11:40:35,298:INFO:Initializing plot_model()
2021-04-05 11:40:35,299:INFO:plot_model(plot=class_report, fold=StratifiedKFold(n_splits=10, random_state=None, shuffle=False), use_train_data=False, verbose=True, is_in_evaluate=True, display=None, display_format=None, estimator=LogisticRegression(C=1.0, class_weight=None, dual=False, fit_intercept=True,
                   intercept_scaling=1, l1_ratio=None, max_iter=1000,
                   multi_class='auto', n_jobs=None, penalty='l2',
                   random_state=123, solver='lbfgs', tol=0.0001, verbose=0,
                   warm_start=False), feature_name=None, fit_kwargs={}, groups=None, label=False, save=False, scale=1, system=True)
2021-04-05 11:40:35,299:INFO:Checking exceptions
2021-04-05 11:40:35,300:INFO:Preparing display monitor
2021-04-05 11:40:35,307:INFO:Preloading libraries
2021-04-05 11:40:35,308:INFO:Copying training dataset
2021-04-05 11:40:35,309:INFO:Copying test dataset
2021-04-05 11:40:35,309:INFO:Plot type: class_report
2021-04-05 11:40:35,311:INFO:Fitting Model
2021-04-05 11:40:35,312:INFO:Scoring test/hold-out set
2021-04-05 11:40:35,658:INFO:Visual Rendered Successfully
2021-04-05 11:40:35,765:INFO:plot_model() succesfully completed......................................
2021-04-05 11:40:47,440:INFO:Initializing plot_model()
2021-04-05 11:40:47,440:INFO:plot_model(plot=parameter, fold=StratifiedKFold(n_splits=10, random_state=None, shuffle=False), use_train_data=False, verbose=True, is_in_evaluate=True, display=None, display_format=None, estimator=LogisticRegression(C=1.0, class_weight=None, dual=False, fit_intercept=True,
                   intercept_scaling=1, l1_ratio=None, max_iter=1000,
                   multi_class='auto', n_jobs=None, penalty='l2',
                   random_state=123, solver='lbfgs', tol=0.0001, verbose=0,
                   warm_start=False), feature_name=None, fit_kwargs={}, groups=None, label=False, save=False, scale=1, system=True)
2021-04-05 11:40:47,440:INFO:Checking exceptions
2021-04-05 11:40:47,441:INFO:Preparing display monitor
2021-04-05 11:40:47,449:INFO:Preloading libraries
2021-04-05 11:40:47,450:INFO:Copying training dataset
2021-04-05 11:40:47,451:INFO:Copying test dataset
2021-04-05 11:40:47,451:INFO:Plot type: parameter
2021-04-05 11:40:47,458:INFO:Visual Rendered Successfully
2021-04-05 11:40:47,556:INFO:plot_model() succesfully completed......................................
2021-04-05 11:40:52,670:INFO:Initializing plot_model()
2021-04-05 11:40:52,671:INFO:plot_model(plot=auc, fold=StratifiedKFold(n_splits=10, random_state=None, shuffle=False), use_train_data=False, verbose=True, is_in_evaluate=True, display=None, display_format=None, estimator=LogisticRegression(C=1.0, class_weight=None, dual=False, fit_intercept=True,
                   intercept_scaling=1, l1_ratio=None, max_iter=1000,
                   multi_class='auto', n_jobs=None, penalty='l2',
                   random_state=123, solver='lbfgs', tol=0.0001, verbose=0,
                   warm_start=False), feature_name=None, fit_kwargs={}, groups=None, label=False, save=False, scale=1, system=True)
2021-04-05 11:40:52,671:INFO:Checking exceptions
2021-04-05 11:40:52,672:INFO:Preparing display monitor
2021-04-05 11:40:52,680:INFO:Preloading libraries
2021-04-05 11:40:52,681:INFO:Copying training dataset
2021-04-05 11:40:52,681:INFO:Copying test dataset
2021-04-05 11:40:52,682:INFO:Plot type: auc
2021-04-05 11:40:52,684:INFO:Fitting Model
2021-04-05 11:40:52,685:INFO:Scoring test/hold-out set
2021-04-05 11:40:53,069:INFO:Visual Rendered Successfully
2021-04-05 11:40:53,170:INFO:plot_model() succesfully completed......................................
2021-04-05 11:40:54,029:INFO:Initializing plot_model()
2021-04-05 11:40:54,030:INFO:plot_model(plot=confusion_matrix, fold=StratifiedKFold(n_splits=10, random_state=None, shuffle=False), use_train_data=False, verbose=True, is_in_evaluate=True, display=None, display_format=None, estimator=LogisticRegression(C=1.0, class_weight=None, dual=False, fit_intercept=True,
                   intercept_scaling=1, l1_ratio=None, max_iter=1000,
                   multi_class='auto', n_jobs=None, penalty='l2',
                   random_state=123, solver='lbfgs', tol=0.0001, verbose=0,
                   warm_start=False), feature_name=None, fit_kwargs={}, groups=None, label=False, save=False, scale=1, system=True)
2021-04-05 11:40:54,030:INFO:Checking exceptions
2021-04-05 11:40:54,031:INFO:Preparing display monitor
2021-04-05 11:40:54,040:INFO:Preloading libraries
2021-04-05 11:40:54,041:INFO:Copying training dataset
2021-04-05 11:40:54,042:INFO:Copying test dataset
2021-04-05 11:40:54,043:INFO:Plot type: confusion_matrix
2021-04-05 11:40:54,045:INFO:Fitting Model
2021-04-05 11:40:54,046:INFO:Scoring test/hold-out set
2021-04-05 11:40:54,259:INFO:Visual Rendered Successfully
2021-04-05 11:40:54,355:INFO:plot_model() succesfully completed......................................
2021-04-05 11:40:54,964:INFO:Initializing plot_model()
2021-04-05 11:40:54,964:INFO:plot_model(plot=threshold, fold=StratifiedKFold(n_splits=10, random_state=None, shuffle=False), use_train_data=False, verbose=True, is_in_evaluate=True, display=None, display_format=None, estimator=LogisticRegression(C=1.0, class_weight=None, dual=False, fit_intercept=True,
                   intercept_scaling=1, l1_ratio=None, max_iter=1000,
                   multi_class='auto', n_jobs=None, penalty='l2',
                   random_state=123, solver='lbfgs', tol=0.0001, verbose=0,
                   warm_start=False), feature_name=None, fit_kwargs={}, groups=None, label=False, save=False, scale=1, system=True)
2021-04-05 11:40:54,964:INFO:Checking exceptions
2021-04-05 11:40:54,965:INFO:Preparing display monitor
2021-04-05 11:40:54,973:INFO:Preloading libraries
2021-04-05 11:40:54,974:INFO:Copying training dataset
2021-04-05 11:40:54,975:INFO:Copying test dataset
2021-04-05 11:40:54,976:INFO:Plot type: threshold
2021-04-05 11:40:54,978:INFO:Fitting Model
2021-04-05 11:41:03,618:INFO:Scoring test/hold-out set
2021-04-05 11:41:04,250:INFO:Visual Rendered Successfully
2021-04-05 11:41:04,347:INFO:plot_model() succesfully completed......................................
2021-04-05 11:42:47,820:INFO:Initializing plot_model()
2021-04-05 11:42:47,821:INFO:plot_model(plot=correlation, fold=None, use_train_data=False, verbose=True, is_in_evaluate=False, display=None, display_format=None, estimator=LogisticRegression(C=1.0, class_weight=None, dual=False, fit_intercept=True,
                   intercept_scaling=1, l1_ratio=None, max_iter=1000,
                   multi_class='auto', n_jobs=None, penalty='l2',
                   random_state=123, solver='lbfgs', tol=0.0001, verbose=0,
                   warm_start=False), feature_name=None, fit_kwargs=None, groups=None, label=False, save=False, scale=1, system=True)
2021-04-05 11:42:47,821:INFO:Checking exceptions
2021-04-05 11:43:42,601:INFO:Initializing plot_model()
2021-04-05 11:43:42,602:INFO:plot_model(plot=parameter, fold=StratifiedKFold(n_splits=10, random_state=None, shuffle=False), use_train_data=False, verbose=True, is_in_evaluate=True, display=None, display_format=None, estimator=LogisticRegression(C=1.0, class_weight=None, dual=False, fit_intercept=True,
                   intercept_scaling=1, l1_ratio=None, max_iter=1000,
                   multi_class='auto', n_jobs=None, penalty='l2',
                   random_state=123, solver='lbfgs', tol=0.0001, verbose=0,
                   warm_start=False), feature_name=None, fit_kwargs={}, groups=None, label=False, save=False, scale=1, system=True)
2021-04-05 11:43:42,602:INFO:Checking exceptions
2021-04-05 11:43:42,603:INFO:Preparing display monitor
2021-04-05 11:43:42,611:INFO:Preloading libraries
2021-04-05 11:43:42,612:INFO:Copying training dataset
2021-04-05 11:43:42,613:INFO:Copying test dataset
2021-04-05 11:43:42,613:INFO:Plot type: parameter
2021-04-05 11:43:42,620:INFO:Visual Rendered Successfully
2021-04-05 11:43:42,726:INFO:plot_model() succesfully completed......................................
2021-04-05 11:44:56,434:INFO:Initializing plot_model()
2021-04-05 11:44:56,435:INFO:plot_model(plot=auc, fold=StratifiedKFold(n_splits=10, random_state=None, shuffle=False), use_train_data=False, verbose=True, is_in_evaluate=True, display=None, display_format=None, estimator=LogisticRegression(C=1.0, class_weight=None, dual=False, fit_intercept=True,
                   intercept_scaling=1, l1_ratio=None, max_iter=1000,
                   multi_class='auto', n_jobs=None, penalty='l2',
                   random_state=123, solver='lbfgs', tol=0.0001, verbose=0,
                   warm_start=False), feature_name=None, fit_kwargs={}, groups=None, label=False, save=False, scale=1, system=True)
2021-04-05 11:44:56,435:INFO:Checking exceptions
2021-04-05 11:44:56,436:INFO:Preparing display monitor
2021-04-05 11:44:56,443:INFO:Preloading libraries
2021-04-05 11:44:56,444:INFO:Copying training dataset
2021-04-05 11:44:56,445:INFO:Copying test dataset
2021-04-05 11:44:56,445:INFO:Plot type: auc
2021-04-05 11:44:56,447:INFO:Fitting Model
2021-04-05 11:44:56,448:INFO:Scoring test/hold-out set
2021-04-05 11:44:56,802:INFO:Visual Rendered Successfully
2021-04-05 11:44:56,898:INFO:plot_model() succesfully completed......................................
2021-04-05 11:44:58,739:INFO:Initializing plot_model()
2021-04-05 11:44:58,739:INFO:plot_model(plot=confusion_matrix, fold=StratifiedKFold(n_splits=10, random_state=None, shuffle=False), use_train_data=False, verbose=True, is_in_evaluate=True, display=None, display_format=None, estimator=LogisticRegression(C=1.0, class_weight=None, dual=False, fit_intercept=True,
                   intercept_scaling=1, l1_ratio=None, max_iter=1000,
                   multi_class='auto', n_jobs=None, penalty='l2',
                   random_state=123, solver='lbfgs', tol=0.0001, verbose=0,
                   warm_start=False), feature_name=None, fit_kwargs={}, groups=None, label=False, save=False, scale=1, system=True)
2021-04-05 11:44:58,739:INFO:Checking exceptions
2021-04-05 11:44:58,740:INFO:Preparing display monitor
2021-04-05 11:44:58,748:INFO:Preloading libraries
2021-04-05 11:44:58,750:INFO:Copying training dataset
2021-04-05 11:44:58,750:INFO:Copying test dataset
2021-04-05 11:44:58,751:INFO:Plot type: confusion_matrix
2021-04-05 11:44:58,753:INFO:Fitting Model
2021-04-05 11:44:58,754:INFO:Scoring test/hold-out set
2021-04-05 11:44:58,949:INFO:Visual Rendered Successfully
2021-04-05 11:44:59,042:INFO:plot_model() succesfully completed......................................
2021-04-05 11:45:00,572:INFO:Initializing plot_model()
2021-04-05 11:45:00,573:INFO:plot_model(plot=class_report, fold=StratifiedKFold(n_splits=10, random_state=None, shuffle=False), use_train_data=False, verbose=True, is_in_evaluate=True, display=None, display_format=None, estimator=LogisticRegression(C=1.0, class_weight=None, dual=False, fit_intercept=True,
                   intercept_scaling=1, l1_ratio=None, max_iter=1000,
                   multi_class='auto', n_jobs=None, penalty='l2',
                   random_state=123, solver='lbfgs', tol=0.0001, verbose=0,
                   warm_start=False), feature_name=None, fit_kwargs={}, groups=None, label=False, save=False, scale=1, system=True)
2021-04-05 11:45:00,573:INFO:Checking exceptions
2021-04-05 11:45:00,574:INFO:Preparing display monitor
2021-04-05 11:45:00,582:INFO:Preloading libraries
2021-04-05 11:45:00,583:INFO:Copying training dataset
2021-04-05 11:45:00,584:INFO:Copying test dataset
2021-04-05 11:45:00,584:INFO:Plot type: class_report
2021-04-05 11:45:00,586:INFO:Fitting Model
2021-04-05 11:45:00,587:INFO:Scoring test/hold-out set
2021-04-05 11:45:00,927:INFO:Visual Rendered Successfully
2021-04-05 11:45:01,023:INFO:plot_model() succesfully completed......................................
